<?xml version="1.0" encoding="UTF-8"?>
<!-- Generated by org.testng.reporters.JUnitReportReporter -->
<testsuite skipped="0" hostname="DESKTOP-MBGODUO" name="qaclickacademy.Mavenjava.RestApiTest" tests="2" failures="0" timestamp="2022-01-15T10:01:21 IST" time="0.023" errors="0">
  <testcase name="deleteOrkut" time="0.022" classname="qaclickacademy.Mavenjava.RestApiTest"/>
  <system-out/>
  <testcase name="deleteTwitter" time="0.001" classname="qaclickacademy.Mavenjava.RestApiTest"/>
  <system-out/>
</testsuite> <!-- qaclickacademy.Mavenjava.RestApiTest -->
